<?xml version="1.0" encoding="UTF-8"?>
<!-- Generated by org.testng.reporters.JUnitReportReporter -->
<testsuite skipped="0" hostname="VICKY" name="example.NewTest" tests="1" failures="0" timestamp="02 Jan 2018 19:00:56 GMT" time="9.299" errors="0">
  <testcase name="verifyTitle" time="9.299" classname="example.NewTest"/>
</testsuite> <!-- example.NewTest -->
